[0m20:25:55.578308 [debug] [MainThread]: Sending event: {'category': 'dbt', 'action': 'invocation', 'label': 'start', 'context': [<snowplow_tracker.self_describing_json.SelfDescribingJson object at 0x7f39e0478850>, <snowplow_tracker.self_describing_json.SelfDescribingJson object at 0x7f39df52e2c0>, <snowplow_tracker.self_describing_json.SelfDescribingJson object at 0x7f39df52e320>]}


============================== 20:25:55.582240 | 146f1d81-8c36-4706-ab83-04effb8b513b ==============================
[0m20:25:55.582240 [info ] [MainThread]: Running with dbt=1.9.2
[0m20:25:55.582938 [debug] [MainThread]: running dbt with arguments {'printer_width': '80', 'indirect_selection': 'eager', 'log_cache_events': 'False', 'write_json': 'True', 'partial_parse': 'True', 'cache_selected_only': 'False', 'profiles_dir': '/home/ubuntu/.dbt', 'debug': 'False', 'fail_fast': 'False', 'log_path': 'logs', 'version_check': 'True', 'warn_error': 'None', 'use_colors': 'True', 'use_experimental_parser': 'False', 'empty': 'None', 'quiet': 'False', 'no_print': 'None', 'warn_error_options': 'WarnErrorOptions(include=[], exclude=[])', 'invocation_command': 'dbt init .', 'static_parser': 'True', 'introspect': 'True', 'target_path': 'None', 'log_format': 'default', 'send_anonymous_usage_stats': 'True'}
[0m20:26:28.060758 [error] [MainThread]: Encountered an error:

[0m20:26:28.063403 [error] [MainThread]: Traceback (most recent call last):
  File "/home/ubuntu/.local/lib/python3.10/site-packages/dbt/cli/requires.py", line 153, in wrapper
    result, success = func(*args, **kwargs)
  File "/home/ubuntu/.local/lib/python3.10/site-packages/dbt/cli/requires.py", line 103, in wrapper
    return func(*args, **kwargs)
  File "/home/ubuntu/.local/lib/python3.10/site-packages/dbt/cli/main.py", line 477, in init
    results = task.run()
  File "/home/ubuntu/.local/lib/python3.10/site-packages/dbt/task/init.py", line 324, in run
    project_name = self.get_valid_project_name()
  File "/home/ubuntu/.local/lib/python3.10/site-packages/dbt/task/init.py", line 278, in get_valid_project_name
    name = click.prompt("Enter a name for your project (letters, digits, underscore)")
  File "/usr/lib/python3/dist-packages/click/termui.py", line 168, in prompt
    value = prompt_func(prompt)
  File "/usr/lib/python3/dist-packages/click/termui.py", line 150, in prompt_func
    raise Abort() from None
click.exceptions.Abort

[0m20:26:28.064476 [debug] [MainThread]: Resource report: {"command_name": "init", "command_success": false, "command_wall_clock_time": 32.55487, "process_in_blocks": "0", "process_kernel_time": 0.084637, "process_mem_max_rss": "85576", "process_out_blocks": "16", "process_user_time": 1.339229}
[0m20:26:28.065078 [debug] [MainThread]: Command `dbt init` failed at 20:26:28.064971 after 32.56 seconds
[0m20:26:28.065490 [debug] [MainThread]: Sending event: {'category': 'dbt', 'action': 'invocation', 'label': 'end', 'context': [<snowplow_tracker.self_describing_json.SelfDescribingJson object at 0x7f39e0478850>, <snowplow_tracker.self_describing_json.SelfDescribingJson object at 0x7f39df52d510>, <snowplow_tracker.self_describing_json.SelfDescribingJson object at 0x7f39df53b880>]}
[0m20:26:28.065890 [debug] [MainThread]: Flushing usage events
[0m20:26:28.140703 [debug] [MainThread]: An error was encountered while trying to flush usage events
[0m20:26:33.071594 [debug] [MainThread]: Sending event: {'category': 'dbt', 'action': 'invocation', 'label': 'start', 'context': [<snowplow_tracker.self_describing_json.SelfDescribingJson object at 0x74576e0c08b0>, <snowplow_tracker.self_describing_json.SelfDescribingJson object at 0x74576d4ca260>, <snowplow_tracker.self_describing_json.SelfDescribingJson object at 0x74576d4ca2c0>]}


============================== 20:26:33.074893 | cdd1ed7f-58f0-44ed-b373-4c6dcae7f832 ==============================
[0m20:26:33.074893 [info ] [MainThread]: Running with dbt=1.9.2
[0m20:26:33.076000 [debug] [MainThread]: running dbt with arguments {'printer_width': '80', 'indirect_selection': 'eager', 'write_json': 'True', 'log_cache_events': 'False', 'partial_parse': 'True', 'cache_selected_only': 'False', 'profiles_dir': '/home/ubuntu/.dbt', 'version_check': 'True', 'fail_fast': 'False', 'log_path': 'logs', 'debug': 'False', 'warn_error': 'None', 'use_colors': 'True', 'use_experimental_parser': 'False', 'empty': 'None', 'quiet': 'False', 'no_print': 'None', 'warn_error_options': 'WarnErrorOptions(include=[], exclude=[])', 'static_parser': 'True', 'invocation_command': 'dbt init dbt_postgresql_project', 'introspect': 'True', 'target_path': 'None', 'log_format': 'default', 'send_anonymous_usage_stats': 'True'}
[0m20:26:33.084450 [debug] [MainThread]: Starter project path: /home/ubuntu/.local/lib/python3.10/site-packages/dbt/include/starter_project
[0m20:26:33.088666 [info ] [MainThread]: 
Your new dbt project "dbt_postgresql_project" was created!

For more information on how to configure the profiles.yml file,
please consult the dbt documentation here:

  https://docs.getdbt.com/docs/configure-your-profile

One more thing:

Need help? Don't hesitate to reach out to us via GitHub issues or on Slack:

  https://community.getdbt.com/

Happy modeling!

[0m20:26:33.089776 [info ] [MainThread]: Setting up your profile.
[0m20:27:54.863372 [info ] [MainThread]: Profile dbt_postgresql_project written to /home/ubuntu/.dbt/profiles.yml using target's profile_template.yml and your supplied values. Run 'dbt debug' to validate the connection.
[0m20:27:54.865323 [debug] [MainThread]: Resource report: {"command_name": "init", "command_success": true, "command_wall_clock_time": 81.86197, "process_in_blocks": "56", "process_kernel_time": 0.08556, "process_mem_max_rss": "90060", "process_out_blocks": "80", "process_user_time": 1.371962}
[0m20:27:54.865947 [debug] [MainThread]: Command `dbt init` succeeded at 20:27:54.865842 after 81.86 seconds
[0m20:27:54.866401 [debug] [MainThread]: Sending event: {'category': 'dbt', 'action': 'invocation', 'label': 'end', 'context': [<snowplow_tracker.self_describing_json.SelfDescribingJson object at 0x74576e0c08b0>, <snowplow_tracker.self_describing_json.SelfDescribingJson object at 0x74576f02fb50>, <snowplow_tracker.self_describing_json.SelfDescribingJson object at 0x74576d4ca2f0>]}
[0m20:27:54.866846 [debug] [MainThread]: Flushing usage events
[0m20:27:54.940853 [debug] [MainThread]: An error was encountered while trying to flush usage events
[0m20:28:03.822774 [debug] [MainThread]: Sending event: {'category': 'dbt', 'action': 'invocation', 'label': 'start', 'context': [<snowplow_tracker.self_describing_json.SelfDescribingJson object at 0x737082c84910>, <snowplow_tracker.self_describing_json.SelfDescribingJson object at 0x737081d0a8c0>, <snowplow_tracker.self_describing_json.SelfDescribingJson object at 0x737081d0a860>]}


============================== 20:28:03.827007 | ef433e5f-d8ad-4613-8abe-9e0006f27081 ==============================
[0m20:28:03.827007 [info ] [MainThread]: Running with dbt=1.9.2
[0m20:28:03.827781 [debug] [MainThread]: running dbt with arguments {'printer_width': '80', 'indirect_selection': 'eager', 'write_json': 'True', 'log_cache_events': 'False', 'partial_parse': 'True', 'cache_selected_only': 'False', 'warn_error': 'None', 'version_check': 'True', 'fail_fast': 'False', 'log_path': 'logs', 'debug': 'False', 'profiles_dir': '/home/ubuntu/.dbt', 'use_colors': 'True', 'use_experimental_parser': 'False', 'empty': 'None', 'quiet': 'False', 'no_print': 'None', 'warn_error_options': 'WarnErrorOptions(include=[], exclude=[])', 'introspect': 'True', 'log_format': 'default', 'invocation_command': 'dbt debug', 'target_path': 'None', 'static_parser': 'True', 'send_anonymous_usage_stats': 'True'}
[0m20:28:03.836546 [info ] [MainThread]: dbt version: 1.9.2
[0m20:28:03.836952 [info ] [MainThread]: python version: 3.10.12
[0m20:28:03.837417 [info ] [MainThread]: python path: /usr/bin/python3
[0m20:28:03.837828 [info ] [MainThread]: os info: Linux-6.8.0-1021-aws-x86_64-with-glibc2.35
[0m20:28:03.901597 [info ] [MainThread]: Using profiles dir at /home/ubuntu/.dbt
[0m20:28:03.902368 [info ] [MainThread]: Using profiles.yml file at /home/ubuntu/.dbt/profiles.yml
[0m20:28:03.902871 [info ] [MainThread]: Using dbt_project.yml file at /home/ubuntu/dbt_postgresql_project/dbt_project.yml
[0m20:28:03.903440 [info ] [MainThread]: adapter type: postgres
[0m20:28:03.903832 [info ] [MainThread]: adapter version: 1.9.0
[0m20:28:03.905544 [info ] [MainThread]: Configuration:
[0m20:28:03.905923 [info ] [MainThread]:   profiles.yml file [[32mOK found and valid[0m]
[0m20:28:03.906485 [info ] [MainThread]:   dbt_project.yml file [[31mERROR not found[0m]
[0m20:28:03.907151 [info ] [MainThread]: Required dependencies:
[0m20:28:03.907452 [debug] [MainThread]: Executing "git --help"
[0m20:28:03.909720 [debug] [MainThread]: STDOUT: "b"usage: git [--version] [--help] [-C <path>] [-c <name>=<value>]\n           [--exec-path[=<path>]] [--html-path] [--man-path] [--info-path]\n           [-p | --paginate | -P | --no-pager] [--no-replace-objects] [--bare]\n           [--git-dir=<path>] [--work-tree=<path>] [--namespace=<name>]\n           [--super-prefix=<path>] [--config-env=<name>=<envvar>]\n           <command> [<args>]\n\nThese are common Git commands used in various situations:\n\nstart a working area (see also: git help tutorial)\n   clone     Clone a repository into a new directory\n   init      Create an empty Git repository or reinitialize an existing one\n\nwork on the current change (see also: git help everyday)\n   add       Add file contents to the index\n   mv        Move or rename a file, a directory, or a symlink\n   restore   Restore working tree files\n   rm        Remove files from the working tree and from the index\n\nexamine the history and state (see also: git help revisions)\n   bisect    Use binary search to find the commit that introduced a bug\n   diff      Show changes between commits, commit and working tree, etc\n   grep      Print lines matching a pattern\n   log       Show commit logs\n   show      Show various types of objects\n   status    Show the working tree status\n\ngrow, mark and tweak your common history\n   branch    List, create, or delete branches\n   commit    Record changes to the repository\n   merge     Join two or more development histories together\n   rebase    Reapply commits on top of another base tip\n   reset     Reset current HEAD to the specified state\n   switch    Switch branches\n   tag       Create, list, delete or verify a tag object signed with GPG\n\ncollaborate (see also: git help workflows)\n   fetch     Download objects and refs from another repository\n   pull      Fetch from and integrate with another repository or a local branch\n   push      Update remote refs along with associated objects\n\n'git help -a' and 'git help -g' list available subcommands and some\nconcept guides. See 'git help <command>' or 'git help <concept>'\nto read about a specific subcommand or concept.\nSee 'git help git' for an overview of the system.\n""
[0m20:28:03.910607 [debug] [MainThread]: STDERR: "b''"
[0m20:28:03.910914 [info ] [MainThread]:  - git [[32mOK found[0m]

[0m20:28:03.911919 [info ] [MainThread]: Connection:
[0m20:28:03.912187 [info ] [MainThread]:   host: 127.0.0.1
[0m20:28:03.913015 [info ] [MainThread]:   port: 5432
[0m20:28:03.913464 [info ] [MainThread]:   user: dbt_user
[0m20:28:03.913837 [info ] [MainThread]:   database: dbt_project
[0m20:28:03.914195 [info ] [MainThread]:   schema: public
[0m20:28:03.914514 [info ] [MainThread]:   connect_timeout: 10
[0m20:28:03.915826 [info ] [MainThread]:   role: None
[0m20:28:03.916236 [info ] [MainThread]:   search_path: None
[0m20:28:03.916679 [info ] [MainThread]:   keepalives_idle: 0
[0m20:28:03.917012 [info ] [MainThread]:   sslmode: None
[0m20:28:03.917813 [info ] [MainThread]:   sslcert: None
[0m20:28:03.918093 [info ] [MainThread]:   sslkey: None
[0m20:28:03.918690 [info ] [MainThread]:   sslrootcert: None
[0m20:28:03.919085 [info ] [MainThread]:   application_name: dbt
[0m20:28:03.919687 [info ] [MainThread]:   retries: 1
[0m20:28:03.920236 [info ] [MainThread]: Registered adapter: postgres=1.9.0
[0m20:28:04.023019 [debug] [MainThread]: Acquiring new postgres connection 'debug'
[0m20:28:04.036718 [debug] [MainThread]: Using postgres connection "debug"
[0m20:28:04.037258 [debug] [MainThread]: On debug: select 1 as id
[0m20:28:04.037571 [debug] [MainThread]: Opening a new connection, currently in state init
[0m20:28:04.054012 [debug] [MainThread]: SQL status: SELECT 1 in 0.016 seconds
[0m20:28:04.055578 [debug] [MainThread]: On debug: Close
[0m20:28:04.057404 [info ] [MainThread]:   Connection test: [[32mOK connection ok[0m]

[0m20:28:04.057791 [info ] [MainThread]: [31m1 check failed:[0m
[0m20:28:04.058275 [info ] [MainThread]: Project loading failed for the following reason:
 project path </home/ubuntu/dbt_postgresql_project/dbt_project.yml> not found

[0m20:28:04.061953 [debug] [MainThread]: Resource report: {"command_name": "debug", "command_success": false, "command_wall_clock_time": 0.3070075, "process_in_blocks": "0", "process_kernel_time": 0.098108, "process_mem_max_rss": "98392", "process_out_blocks": "16", "process_user_time": 1.518528}
[0m20:28:04.064776 [debug] [MainThread]: Command `dbt debug` failed at 20:28:04.064652 after 0.31 seconds
[0m20:28:04.065103 [debug] [MainThread]: Connection 'debug' was properly closed.
[0m20:28:04.067369 [debug] [MainThread]: Sending event: {'category': 'dbt', 'action': 'invocation', 'label': 'end', 'context': [<snowplow_tracker.self_describing_json.SelfDescribingJson object at 0x737082c84910>, <snowplow_tracker.self_describing_json.SelfDescribingJson object at 0x737081c8ee90>, <snowplow_tracker.self_describing_json.SelfDescribingJson object at 0x737081c8d900>]}
[0m20:28:04.067764 [debug] [MainThread]: Flushing usage events
[0m20:28:04.140086 [debug] [MainThread]: An error was encountered while trying to flush usage events
[0m20:29:12.993919 [debug] [MainThread]: Sending event: {'category': 'dbt', 'action': 'invocation', 'label': 'start', 'context': [<snowplow_tracker.self_describing_json.SelfDescribingJson object at 0x7e60086c4910>, <snowplow_tracker.self_describing_json.SelfDescribingJson object at 0x7e6007ace1a0>, <snowplow_tracker.self_describing_json.SelfDescribingJson object at 0x7e6007ace200>]}


============================== 20:29:12.997424 | 2169e328-fefe-4c1f-938c-cc7fdb33dbe2 ==============================
[0m20:29:12.997424 [info ] [MainThread]: Running with dbt=1.9.2
[0m20:29:12.998147 [debug] [MainThread]: running dbt with arguments {'printer_width': '80', 'indirect_selection': 'eager', 'write_json': 'True', 'log_cache_events': 'False', 'partial_parse': 'True', 'cache_selected_only': 'False', 'profiles_dir': '/home/ubuntu/.dbt', 'debug': 'False', 'warn_error': 'None', 'log_path': '/home/ubuntu/dbt_postgresql_project/logs', 'version_check': 'True', 'fail_fast': 'False', 'use_colors': 'True', 'use_experimental_parser': 'False', 'empty': 'None', 'quiet': 'False', 'no_print': 'None', 'warn_error_options': 'WarnErrorOptions(include=[], exclude=[])', 'introspect': 'True', 'log_format': 'default', 'invocation_command': 'dbt debug', 'target_path': 'None', 'static_parser': 'True', 'send_anonymous_usage_stats': 'True'}
[0m20:29:13.007438 [info ] [MainThread]: dbt version: 1.9.2
[0m20:29:13.008023 [info ] [MainThread]: python version: 3.10.12
[0m20:29:13.008468 [info ] [MainThread]: python path: /usr/bin/python3
[0m20:29:13.008821 [info ] [MainThread]: os info: Linux-6.8.0-1021-aws-x86_64-with-glibc2.35
[0m20:29:13.073189 [info ] [MainThread]: Using profiles dir at /home/ubuntu/.dbt
[0m20:29:13.073904 [info ] [MainThread]: Using profiles.yml file at /home/ubuntu/.dbt/profiles.yml
[0m20:29:13.074415 [info ] [MainThread]: Using dbt_project.yml file at /home/ubuntu/dbt_postgresql_project/dbt_project.yml
[0m20:29:13.074953 [info ] [MainThread]: adapter type: postgres
[0m20:29:13.075392 [info ] [MainThread]: adapter version: 1.9.0
[0m20:29:13.192139 [info ] [MainThread]: Configuration:
[0m20:29:13.192882 [info ] [MainThread]:   profiles.yml file [[32mOK found and valid[0m]
[0m20:29:13.193331 [info ] [MainThread]:   dbt_project.yml file [[32mOK found and valid[0m]
[0m20:29:13.194384 [info ] [MainThread]: Required dependencies:
[0m20:29:13.195188 [debug] [MainThread]: Executing "git --help"
[0m20:29:13.197050 [debug] [MainThread]: STDOUT: "b"usage: git [--version] [--help] [-C <path>] [-c <name>=<value>]\n           [--exec-path[=<path>]] [--html-path] [--man-path] [--info-path]\n           [-p | --paginate | -P | --no-pager] [--no-replace-objects] [--bare]\n           [--git-dir=<path>] [--work-tree=<path>] [--namespace=<name>]\n           [--super-prefix=<path>] [--config-env=<name>=<envvar>]\n           <command> [<args>]\n\nThese are common Git commands used in various situations:\n\nstart a working area (see also: git help tutorial)\n   clone     Clone a repository into a new directory\n   init      Create an empty Git repository or reinitialize an existing one\n\nwork on the current change (see also: git help everyday)\n   add       Add file contents to the index\n   mv        Move or rename a file, a directory, or a symlink\n   restore   Restore working tree files\n   rm        Remove files from the working tree and from the index\n\nexamine the history and state (see also: git help revisions)\n   bisect    Use binary search to find the commit that introduced a bug\n   diff      Show changes between commits, commit and working tree, etc\n   grep      Print lines matching a pattern\n   log       Show commit logs\n   show      Show various types of objects\n   status    Show the working tree status\n\ngrow, mark and tweak your common history\n   branch    List, create, or delete branches\n   commit    Record changes to the repository\n   merge     Join two or more development histories together\n   rebase    Reapply commits on top of another base tip\n   reset     Reset current HEAD to the specified state\n   switch    Switch branches\n   tag       Create, list, delete or verify a tag object signed with GPG\n\ncollaborate (see also: git help workflows)\n   fetch     Download objects and refs from another repository\n   pull      Fetch from and integrate with another repository or a local branch\n   push      Update remote refs along with associated objects\n\n'git help -a' and 'git help -g' list available subcommands and some\nconcept guides. See 'git help <command>' or 'git help <concept>'\nto read about a specific subcommand or concept.\nSee 'git help git' for an overview of the system.\n""
[0m20:29:13.197475 [debug] [MainThread]: STDERR: "b''"
[0m20:29:13.198063 [info ] [MainThread]:  - git [[32mOK found[0m]

[0m20:29:13.199469 [info ] [MainThread]: Connection:
[0m20:29:13.200474 [info ] [MainThread]:   host: 127.0.0.1
[0m20:29:13.201084 [info ] [MainThread]:   port: 5432
[0m20:29:13.201504 [info ] [MainThread]:   user: dbt_user
[0m20:29:13.201848 [info ] [MainThread]:   database: dbt_project
[0m20:29:13.202262 [info ] [MainThread]:   schema: public
[0m20:29:13.202611 [info ] [MainThread]:   connect_timeout: 10
[0m20:29:13.202936 [info ] [MainThread]:   role: None
[0m20:29:13.203166 [info ] [MainThread]:   search_path: None
[0m20:29:13.203425 [info ] [MainThread]:   keepalives_idle: 0
[0m20:29:13.203637 [info ] [MainThread]:   sslmode: None
[0m20:29:13.203856 [info ] [MainThread]:   sslcert: None
[0m20:29:13.204064 [info ] [MainThread]:   sslkey: None
[0m20:29:13.205375 [info ] [MainThread]:   sslrootcert: None
[0m20:29:13.206443 [info ] [MainThread]:   application_name: dbt
[0m20:29:13.207290 [info ] [MainThread]:   retries: 1
[0m20:29:13.207713 [info ] [MainThread]: Registered adapter: postgres=1.9.0
[0m20:29:13.303498 [debug] [MainThread]: Acquiring new postgres connection 'debug'
[0m20:29:13.318188 [debug] [MainThread]: Using postgres connection "debug"
[0m20:29:13.318741 [debug] [MainThread]: On debug: select 1 as id
[0m20:29:13.319073 [debug] [MainThread]: Opening a new connection, currently in state init
[0m20:29:13.332291 [debug] [MainThread]: SQL status: SELECT 1 in 0.013 seconds
[0m20:29:13.333272 [debug] [MainThread]: On debug: Close
[0m20:29:13.335482 [info ] [MainThread]:   Connection test: [[32mOK connection ok[0m]

[0m20:29:13.337367 [info ] [MainThread]: [32mAll checks passed![0m
[0m20:29:13.339547 [debug] [MainThread]: Resource report: {"command_name": "debug", "command_success": true, "command_wall_clock_time": 0.41064367, "process_in_blocks": "0", "process_kernel_time": 0.103405, "process_mem_max_rss": "99912", "process_out_blocks": "24", "process_user_time": 1.577723}
[0m20:29:13.340137 [debug] [MainThread]: Command `dbt debug` succeeded at 20:29:13.340035 after 0.41 seconds
[0m20:29:13.341753 [debug] [MainThread]: Connection 'debug' was properly closed.
[0m20:29:13.342152 [debug] [MainThread]: Sending event: {'category': 'dbt', 'action': 'invocation', 'label': 'end', 'context': [<snowplow_tracker.self_describing_json.SelfDescribingJson object at 0x7e60086c4910>, <snowplow_tracker.self_describing_json.SelfDescribingJson object at 0x7e6008634a60>, <snowplow_tracker.self_describing_json.SelfDescribingJson object at 0x7e60071aa9b0>]}
[0m20:29:13.342843 [debug] [MainThread]: Flushing usage events
[0m20:29:13.412163 [debug] [MainThread]: An error was encountered while trying to flush usage events
